<?xml version="1.0" encoding="UTF-8"?>
<robot generator="Robot 6.1.1 (Python 3.12.0 on win32)" generated="20231205 20:26:25.808" rpa="false" schemaversion="4">
<suite id="s1" name="1" source="C:\Users\Korskovy\PycharmProjects\pythonProject\hw4_1\1.robot">
<test id="s1-t1" name="limit max" line="5">
<kw name="Get Characters" library="main">
<var>${limit}</var>
<msg timestamp="20231205 20:26:26.751" level="INFO">${limit} = 826</msg>
<status status="PASS" starttime="20231205 20:26:26.013" endtime="20231205 20:26:26.752"/>
</kw>
<kw name="Should Be Equal" library="BuiltIn">
<arg>${limit}</arg>
<arg>${826}</arg>
<doc>Fails if the given objects are unequal.</doc>
<status status="PASS" starttime="20231205 20:26:26.752" endtime="20231205 20:26:26.753"/>
</kw>
<status status="PASS" starttime="20231205 20:26:26.012" endtime="20231205 20:26:26.754"/>
</test>
<status status="PASS" starttime="20231205 20:26:25.811" endtime="20231205 20:26:26.754"/>
</suite>
<statistics>
<total>
<stat pass="1" fail="0" skip="0">All Tests</stat>
</total>
<tag>
</tag>
<suite>
<stat pass="1" fail="0" skip="0" id="s1" name="1">1</stat>
</suite>
</statistics>
<errors>
</errors>
</robot>
